<?xml version="1.0" encoding="UTF-8"?>
<!-- Generated by org.testng.reporters.JUnitXMLReporter -->
<testsuite ignored="0" hostname="DESKTOP-Q7GGFVF" failures="0" tests="3" name="Tests" time="0.242" errors="0" timestamp="2023-04-07T09:12:56 IST">
  <testcase classname="com.sgtesting.tests.Users" name="method1" time="0.017"/>
  <testcase classname="com.sgtesting.tests.Users" name="method2" time="0.002"/>
  <testcase classname="com.sgtesting.tests.Users" name="method3" time="0.01"/>
</testsuite> <!-- Tests -->
