<?xml version="1.0" encoding="UTF-8"?>
<testng-results ignored="0" total="3" passed="3" failed="0" skipped="0">
  <reporter-output>
  </reporter-output>
  <suite started-at="2023-04-07T09:12:56 IST" name="Testcases" finished-at="2023-04-07T09:12:56 IST" duration-ms="242">
    <groups>
    </groups>
    <test started-at="2023-04-07T09:12:56 IST" name="Tests" finished-at="2023-04-07T09:12:56 IST" duration-ms="242">
      <class name="com.sgtesting.tests.Users">
        <test-method signature="method1()[pri:0, instance:com.sgtesting.tests.Users@696da30b]" started-at="2023-04-07T09:12:56 IST" name="method1" finished-at="2023-04-07T09:12:56 IST" duration-ms="17" status="PASS">
          <reporter-output>
          </reporter-output>
        </test-method> <!-- method1 -->
        <test-method signature="method2()[pri:0, instance:com.sgtesting.tests.Users@696da30b]" started-at="2023-04-07T09:12:56 IST" name="method2" finished-at="2023-04-07T09:12:56 IST" duration-ms="2" status="PASS">
          <reporter-output>
          </reporter-output>
        </test-method> <!-- method2 -->
        <test-method signature="method3()[pri:0, instance:com.sgtesting.tests.Users@696da30b]" started-at="2023-04-07T09:12:56 IST" name="method3" finished-at="2023-04-07T09:12:56 IST" duration-ms="10" status="PASS">
          <reporter-output>
          </reporter-output>
        </test-method> <!-- method3 -->
      </class> <!-- com.sgtesting.tests.Users -->
    </test> <!-- Tests -->
  </suite> <!-- Testcases -->
</testng-results>
