<?xml version="1.0" encoding="UTF-8"?>
<!-- Generated by org.testng.reporters.JUnitXMLReporter -->
<testsuite ignored="0" hostname="DESKTOP-Q7GGFVF" failures="0" tests="3" name="Default test" time="0.257" errors="0" timestamp="2023-04-06T09:21:29 IST">
  <testcase classname="com.sgtesting.tests.Users" name="method1" time="0.025"/>
  <testcase classname="com.sgtesting.tests.Users" name="method2" time="0.019"/>
  <testcase classname="com.sgtesting.tests.Users" name="method3" time="0.02"/>
</testsuite> <!-- Default test -->
