<?xml version="1.0" encoding="UTF-8"?>
<testng-results ignored="0" total="3" passed="3" failed="0" skipped="0">
  <reporter-output>
  </reporter-output>
  <suite started-at="2023-04-06T09:21:28 IST" name="Default suite" finished-at="2023-04-06T09:21:29 IST" duration-ms="257">
    <groups>
    </groups>
    <test started-at="2023-04-06T09:21:28 IST" name="Default test" finished-at="2023-04-06T09:21:29 IST" duration-ms="257">
      <class name="com.sgtesting.tests.Users">
        <test-method signature="method1()[pri:0, instance:com.sgtesting.tests.Users@40cb8df7]" started-at="2023-04-06T09:21:28 IST" name="method1" finished-at="2023-04-06T09:21:28 IST" duration-ms="25" status="PASS">
          <reporter-output>
          </reporter-output>
        </test-method> <!-- method1 -->
        <test-method signature="method2()[pri:0, instance:com.sgtesting.tests.Users@40cb8df7]" started-at="2023-04-06T09:21:28 IST" name="method2" finished-at="2023-04-06T09:21:28 IST" duration-ms="19" status="PASS">
          <reporter-output>
          </reporter-output>
        </test-method> <!-- method2 -->
        <test-method signature="method3()[pri:0, instance:com.sgtesting.tests.Users@40cb8df7]" started-at="2023-04-06T09:21:28 IST" name="method3" finished-at="2023-04-06T09:21:29 IST" duration-ms="20" status="PASS">
          <reporter-output>
          </reporter-output>
        </test-method> <!-- method3 -->
      </class> <!-- com.sgtesting.tests.Users -->
    </test> <!-- Default test -->
  </suite> <!-- Default suite -->
</testng-results>
